<?xml version="1.0" encoding="UTF-8"?>
<testsuite xmlns:xsi="http://www.w3.org/2001/XMLSchema-instance" xsi:schemaLocation="https://maven.apache.org/surefire/maven-surefire-plugin/xsd/surefire-test-report.xsd" name="testcore.scenarios.PGRFlows" time="26.826" tests="1" errors="0" skipped="0" failures="1">
  <properties>
    <property name="java.runtime.name" value="Java(TM) SE Runtime Environment"/>
    <property name="sun.boot.library.path" value="/usr/share/jdk1.8.0_192/jre/lib/amd64"/>
    <property name="java.vm.version" value="25.192-b12"/>
    <property name="app_browser_url" value="https://egov-micro-qa.egovernments.org/"/>
    <property name="java.vm.vendor" value="Oracle Corporation"/>
    <property name="maven.multiModuleProjectDirectory" value="/home/ubuntu/Documents/Test/EGov"/>
    <property name="java.vendor.url" value="http://java.oracle.com/"/>
    <property name="path.separator" value=":"/>
    <property name="guice.disable.misplaced.annotation.check" value="true"/>
    <property name="java.vm.name" value="Java HotSpot(TM) 64-Bit Server VM"/>
    <property name="file.encoding.pkg" value="sun.io"/>
    <property name="user.country" value="IN"/>
    <property name="sun.java.launcher" value="SUN_STANDARD"/>
    <property name="sun.os.patch.level" value="unknown"/>
    <property name="test" value="testcore.scenarios.PGRFlows#rateComplaintCitizen"/>
    <property name="java.vm.specification.name" value="Java Virtual Machine Specification"/>
    <property name="user.dir" value="/home/ubuntu/Documents/Test/EGov"/>
    <property name="java.runtime.version" value="1.8.0_192-b12"/>
    <property name="java.awt.graphicsenv" value="sun.awt.X11GraphicsEnvironment"/>
    <property name="java.endorsed.dirs" value="/usr/share/jdk1.8.0_192/jre/lib/endorsed"/>
    <property name="os.arch" value="amd64"/>
    <property name="java.io.tmpdir" value="/tmp"/>
    <property name="line.separator" value="&#10;"/>
    <property name="java.vm.specification.vendor" value="Oracle Corporation"/>
    <property name="os.name" value="Linux"/>
    <property name="classworlds.conf" value="/usr/share/maven/bin/m2.conf"/>
    <property name="sun.jnu.encoding" value="UTF-8"/>
    <property name="java.library.path" value="/usr/java/packages/lib/amd64:/usr/lib64:/lib64:/lib:/usr/lib"/>
    <property name="maven.conf" value="/usr/share/maven/conf"/>
    <property name="java.specification.name" value="Java Platform API Specification"/>
    <property name="java.class.version" value="52.0"/>
    <property name="sun.management.compiler" value="HotSpot 64-Bit Tiered Compilers"/>
    <property name="os.version" value="4.15.0-43-generic"/>
    <property name="library.jansi.path" value="/usr/share/maven/lib/jansi-native"/>
    <property name="user.home" value="/home/ubuntu"/>
    <property name="user.timezone" value="Asia/Kolkata"/>
    <property name="java.awt.printerjob" value="sun.print.PSPrinterJob"/>
    <property name="java.specification.version" value="1.8"/>
    <property name="file.encoding" value="UTF-8"/>
    <property name="user.name" value="ubuntu"/>
    <property name="java.class.path" value="/usr/share/maven/boot/plexus-classworlds-2.x.jar"/>
    <property name="java.vm.specification.version" value="1.8"/>
    <property name="sun.arch.data.model" value="64"/>
    <property name="java.home" value="/usr/share/jdk1.8.0_192/jre"/>
    <property name="sun.java.command" value="org.codehaus.plexus.classworlds.launcher.Launcher -Dapp_browser_url=https://egov-micro-qa.egovernments.org/ -Dtest=testcore.scenarios.PGRFlows#rateComplaintCitizen test"/>
    <property name="java.specification.vendor" value="Oracle Corporation"/>
    <property name="user.language" value="en"/>
    <property name="awt.toolkit" value="sun.awt.X11.XToolkit"/>
    <property name="java.vm.info" value="mixed mode"/>
    <property name="java.version" value="1.8.0_192"/>
    <property name="java.ext.dirs" value="/usr/share/jdk1.8.0_192/jre/lib/ext:/usr/java/packages/lib/ext"/>
    <property name="securerandom.source" value="file:/dev/./urandom"/>
    <property name="sun.boot.class.path" value="/usr/share/jdk1.8.0_192/jre/lib/resources.jar:/usr/share/jdk1.8.0_192/jre/lib/rt.jar:/usr/share/jdk1.8.0_192/jre/lib/sunrsasign.jar:/usr/share/jdk1.8.0_192/jre/lib/jsse.jar:/usr/share/jdk1.8.0_192/jre/lib/jce.jar:/usr/share/jdk1.8.0_192/jre/lib/charsets.jar:/usr/share/jdk1.8.0_192/jre/lib/jfr.jar:/usr/share/jdk1.8.0_192/jre/classes"/>
    <property name="java.vendor" value="Oracle Corporation"/>
    <property name="maven.home" value="/usr/share/maven"/>
    <property name="file.separator" value="/"/>
    <property name="java.vendor.url.bug" value="http://bugreport.sun.com/bugreport/"/>
    <property name="sun.cpu.endian" value="little"/>
    <property name="sun.io.unicode.encoding" value="UnicodeLittle"/>
    <property name="sun.desktop" value="gnome"/>
    <property name="sun.cpu.isalist" value=""/>
  </properties>
  <testcase name="rateComplaintCitizen" classname="testcore.scenarios.PGRFlows" time="24.6">
    <failure type="java.lang.NullPointerException">java.lang.NullPointerException
	at testcore.scenarios.PGRFlows.rateComplaintCitizen(PGRFlows.java:60)
</failure>
    <system-out><![CDATA[[INFO ] [Thread:main] 2019-01-03 11:55:05,981 testcore.scenarios.SupportTest.runOncePerSuite:L35 - Central setup completed.
[INFO ] [Thread:main] 2019-01-03 11:55:05,991 testcore.scenarios.SupportTest.runOncePerContext:L42 - Test context setup completed for Surefire test test.
[INFO ] [Thread:main] 2019-01-03 11:55:06,003 testcore.scenarios.SupportTest.runOncePerMethod:L54 - Set up for test method [rateComplaintCitizen] started.
[INFO ] [Thread:main] 2019-01-03 11:55:07,620 testcore.scenarios.SupportTest.runOncePerMethod:L63 - Set up for test method [rateComplaintCitizen] ended.
[INFO ] [Thread:main] 2019-01-03 11:55:07,623 testcore.pages.HomePage.navigateToURL:L27 - New URL: https://egov-micro-qa.egovernments.org/citizen/user/login
[INFO ] [Thread:main] 2019-01-03 11:55:18,609 testcore.pages.HomePage.isUserLoggedIn:L66 - Logged in user lata
]]></system-out>
    <system-err><![CDATA[Starting ChromeDriver 2.41.578700 (2f1ed5f9343c13f73144538f15c00b370eda6706) on port 27914
Only local connections are allowed.
Jan 03, 2019 11:55:07 AM org.openqa.selenium.remote.ProtocolHandshake createSession
INFO: Detected dialect: OSS
]]></system-err>
  </testcase>
</testsuite>